2021-09-25 16:19:26.280  INFO 36632 --- [restartedMain] com.app.Application                      : Starting Application using Java 1.8.0_41 on Trey-9900K with PID 36632 (C:\Users\Trey-9900K\Documents\GitHub\Phase3_Class\SpringBootHelloWorld\target\classes started by Trey-9900K in C:\Users\Trey-9900K\Documents\GitHub\Phase3_Class\SpringBootHelloWorld)
2021-09-25 16:19:26.282  INFO 36632 --- [restartedMain] com.app.Application                      : No active profile set, falling back to default profiles: default
2021-09-25 16:19:26.340  INFO 36632 --- [restartedMain] .e.DevToolsPropertyDefaultsPostProcessor : Devtools property defaults active! Set 'spring.devtools.add-properties' to 'false' to disable
2021-09-25 16:19:26.340  INFO 36632 --- [restartedMain] .e.DevToolsPropertyDefaultsPostProcessor : For additional web related logging consider setting the 'logging.level.web' property to 'DEBUG'
2021-09-25 16:19:26.790  INFO 36632 --- [restartedMain] .s.d.r.c.RepositoryConfigurationDelegate : Bootstrapping Spring Data JPA repositories in DEFAULT mode.
2021-09-25 16:19:26.830  INFO 36632 --- [restartedMain] .s.d.r.c.RepositoryConfigurationDelegate : Finished Spring Data repository scanning in 33 ms. Found 1 JPA repository interfaces.
2021-09-25 16:19:27.285  INFO 36632 --- [restartedMain] o.s.b.w.embedded.tomcat.TomcatWebServer  : Tomcat initialized with port(s): 8085 (http)
2021-09-25 16:19:27.293  INFO 36632 --- [restartedMain] o.apache.catalina.core.StandardService   : Starting service [Tomcat]
2021-09-25 16:19:27.293  INFO 36632 --- [restartedMain] org.apache.catalina.core.StandardEngine  : Starting Servlet engine: [Apache Tomcat/9.0.48]
2021-09-25 16:19:27.432  INFO 36632 --- [restartedMain] org.apache.jasper.servlet.TldScanner     : At least one JAR was scanned for TLDs yet contained no TLDs. Enable debug logging for this logger for a complete list of JARs that were scanned but no TLDs were found in them. Skipping unneeded JARs during scanning can improve startup time and JSP compilation time.
2021-09-25 16:19:27.439  INFO 36632 --- [restartedMain] o.a.c.c.C.[Tomcat].[localhost].[/]       : Initializing Spring embedded WebApplicationContext
2021-09-25 16:19:27.439  INFO 36632 --- [restartedMain] w.s.c.ServletWebServerApplicationContext : Root WebApplicationContext: initialization completed in 1098 ms
2021-09-25 16:19:27.582  INFO 36632 --- [restartedMain] o.hibernate.jpa.internal.util.LogHelper  : HHH000204: Processing PersistenceUnitInfo [name: default]
2021-09-25 16:19:27.624  INFO 36632 --- [restartedMain] org.hibernate.Version                    : HHH000412: Hibernate ORM core version 5.4.32.Final
2021-09-25 16:19:27.740  INFO 36632 --- [restartedMain] o.hibernate.annotations.common.Version   : HCANN000001: Hibernate Commons Annotations {5.1.2.Final}
2021-09-25 16:19:27.830  INFO 36632 --- [restartedMain] com.zaxxer.hikari.HikariDataSource       : HikariPool-1 - Starting...
2021-09-25 16:19:28.051  INFO 36632 --- [restartedMain] com.zaxxer.hikari.HikariDataSource       : HikariPool-1 - Start completed.
2021-09-25 16:19:28.066  INFO 36632 --- [restartedMain] org.hibernate.dialect.Dialect            : HHH000400: Using dialect: org.hibernate.dialect.MySQL8Dialect
2021-09-25 16:19:28.576  INFO 36632 --- [restartedMain] o.h.e.t.j.p.i.JtaPlatformInitiator       : HHH000490: Using JtaPlatform implementation: [org.hibernate.engine.transaction.jta.platform.internal.NoJtaPlatform]
2021-09-25 16:19:28.583  INFO 36632 --- [restartedMain] j.LocalContainerEntityManagerFactoryBean : Initialized JPA EntityManagerFactory for persistence unit 'default'
2021-09-25 16:19:28.837  WARN 36632 --- [restartedMain] JpaBaseConfiguration$JpaWebConfiguration : spring.jpa.open-in-view is enabled by default. Therefore, database queries may be performed during view rendering. Explicitly configure spring.jpa.open-in-view to disable this warning
2021-09-25 16:19:29.144  INFO 36632 --- [restartedMain] o.s.b.d.a.OptionalLiveReloadServer       : LiveReload server is running on port 35729
2021-09-25 16:19:29.185  INFO 36632 --- [restartedMain] o.s.b.w.embedded.tomcat.TomcatWebServer  : Tomcat started on port(s): 8085 (http) with context path ''
2021-09-25 16:19:29.190  INFO 36632 --- [restartedMain] com.app.Application                      : Started Application in 3.233 seconds (JVM running for 3.735)
2021-09-25 16:19:38.073  INFO 36632 --- [RMI TCP Connection(2)-127.0.0.1] inMXBeanRegistrar$SpringApplicationAdmin : Application shutdown requested.
2021-09-25 16:19:38.162  INFO 36632 --- [RMI TCP Connection(2)-127.0.0.1] j.LocalContainerEntityManagerFactoryBean : Closing JPA EntityManagerFactory for persistence unit 'default'
2021-09-25 16:19:38.164  INFO 36632 --- [RMI TCP Connection(2)-127.0.0.1] com.zaxxer.hikari.HikariDataSource       : HikariPool-1 - Shutdown initiated...
2021-09-25 16:19:38.166  INFO 36632 --- [RMI TCP Connection(2)-127.0.0.1] com.zaxxer.hikari.HikariDataSource       : HikariPool-1 - Shutdown completed.
2021-09-25 16:19:46.665  INFO 11916 --- [restartedMain] com.app.Application                      : Starting Application using Java 1.8.0_41 on Trey-9900K with PID 11916 (C:\Users\Trey-9900K\Documents\GitHub\Phase3_Class\SpringBootHelloWorld\target\classes started by Trey-9900K in C:\Users\Trey-9900K\Documents\GitHub\Phase3_Class\SpringBootHelloWorld)
2021-09-25 16:19:46.667  INFO 11916 --- [restartedMain] com.app.Application                      : No active profile set, falling back to default profiles: default
2021-09-25 16:19:46.726  INFO 11916 --- [restartedMain] .e.DevToolsPropertyDefaultsPostProcessor : Devtools property defaults active! Set 'spring.devtools.add-properties' to 'false' to disable
2021-09-25 16:19:46.726  INFO 11916 --- [restartedMain] .e.DevToolsPropertyDefaultsPostProcessor : For additional web related logging consider setting the 'logging.level.web' property to 'DEBUG'
2021-09-25 16:19:47.159  INFO 11916 --- [restartedMain] .s.d.r.c.RepositoryConfigurationDelegate : Bootstrapping Spring Data JPA repositories in DEFAULT mode.
2021-09-25 16:19:47.197  INFO 11916 --- [restartedMain] .s.d.r.c.RepositoryConfigurationDelegate : Finished Spring Data repository scanning in 32 ms. Found 1 JPA repository interfaces.
2021-09-25 16:19:47.627  INFO 11916 --- [restartedMain] o.s.b.w.embedded.tomcat.TomcatWebServer  : Tomcat initialized with port(s): 8085 (http)
2021-09-25 16:19:47.634  INFO 11916 --- [restartedMain] o.apache.catalina.core.StandardService   : Starting service [Tomcat]
2021-09-25 16:19:47.634  INFO 11916 --- [restartedMain] org.apache.catalina.core.StandardEngine  : Starting Servlet engine: [Apache Tomcat/9.0.48]
2021-09-25 16:19:47.760  INFO 11916 --- [restartedMain] org.apache.jasper.servlet.TldScanner     : At least one JAR was scanned for TLDs yet contained no TLDs. Enable debug logging for this logger for a complete list of JARs that were scanned but no TLDs were found in them. Skipping unneeded JARs during scanning can improve startup time and JSP compilation time.
2021-09-25 16:19:47.765  INFO 11916 --- [restartedMain] o.a.c.c.C.[Tomcat].[localhost].[/]       : Initializing Spring embedded WebApplicationContext
2021-09-25 16:19:47.766  INFO 11916 --- [restartedMain] w.s.c.ServletWebServerApplicationContext : Root WebApplicationContext: initialization completed in 1040 ms
2021-09-25 16:19:47.896  INFO 11916 --- [restartedMain] o.hibernate.jpa.internal.util.LogHelper  : HHH000204: Processing PersistenceUnitInfo [name: default]
2021-09-25 16:19:47.934  INFO 11916 --- [restartedMain] org.hibernate.Version                    : HHH000412: Hibernate ORM core version 5.4.32.Final
2021-09-25 16:19:48.040  INFO 11916 --- [restartedMain] o.hibernate.annotations.common.Version   : HCANN000001: Hibernate Commons Annotations {5.1.2.Final}
2021-09-25 16:19:48.122  INFO 11916 --- [restartedMain] com.zaxxer.hikari.HikariDataSource       : HikariPool-1 - Starting...
2021-09-25 16:19:48.331  INFO 11916 --- [restartedMain] com.zaxxer.hikari.HikariDataSource       : HikariPool-1 - Start completed.
2021-09-25 16:19:48.344  INFO 11916 --- [restartedMain] org.hibernate.dialect.Dialect            : HHH000400: Using dialect: org.hibernate.dialect.MySQL8Dialect
2021-09-25 16:19:48.804  INFO 11916 --- [restartedMain] o.h.e.t.j.p.i.JtaPlatformInitiator       : HHH000490: Using JtaPlatform implementation: [org.hibernate.engine.transaction.jta.platform.internal.NoJtaPlatform]
2021-09-25 16:19:48.811  INFO 11916 --- [restartedMain] j.LocalContainerEntityManagerFactoryBean : Initialized JPA EntityManagerFactory for persistence unit 'default'
2021-09-25 16:19:49.043  WARN 11916 --- [restartedMain] JpaBaseConfiguration$JpaWebConfiguration : spring.jpa.open-in-view is enabled by default. Therefore, database queries may be performed during view rendering. Explicitly configure spring.jpa.open-in-view to disable this warning
2021-09-25 16:19:49.312  INFO 11916 --- [restartedMain] o.s.b.d.a.OptionalLiveReloadServer       : LiveReload server is running on port 35729
2021-09-25 16:19:49.347  INFO 11916 --- [restartedMain] o.s.b.w.embedded.tomcat.TomcatWebServer  : Tomcat started on port(s): 8085 (http) with context path ''
2021-09-25 16:19:49.352  INFO 11916 --- [restartedMain] com.app.Application                      : Started Application in 3.0 seconds (JVM running for 3.494)
2021-09-25 16:20:30.751  INFO 11916 --- [Thread-7] j.LocalContainerEntityManagerFactoryBean : Closing JPA EntityManagerFactory for persistence unit 'default'
2021-09-25 16:20:30.754  INFO 11916 --- [Thread-7] com.zaxxer.hikari.HikariDataSource       : HikariPool-1 - Shutdown initiated...
2021-09-25 16:20:30.757  INFO 11916 --- [Thread-7] com.zaxxer.hikari.HikariDataSource       : HikariPool-1 - Shutdown completed.
